<?xml version="1.0" encoding="UTF-8"?>
<testng-results ignored="0" total="1" passed="1" failed="0" skipped="0">
  <reporter-output>
    <line>
      <![CDATA[Audi lanched successfully]]>
    </line>
  </reporter-output>
  <suite started-at="2024-07-02T09:26:22 IST" name="Default suite" finished-at="2024-07-02T09:26:49 IST" duration-ms="26253">
    <groups>
    </groups>
    <test started-at="2024-07-02T09:26:22 IST" name="Default test" finished-at="2024-07-02T09:26:49 IST" duration-ms="26253">
      <class name="carscript.AudiTest">
        <test-method signature="lanchAudi()[pri:0, instance:carscript.AudiTest@313ac989]" started-at="2024-07-02T09:26:22 IST" name="lanchAudi" finished-at="2024-07-02T09:26:49 IST" duration-ms="26147" status="PASS">
          <reporter-output>
            <line>
              <![CDATA[Audi lanched successfully]]>
            </line>
          </reporter-output>
        </test-method> <!-- lanchAudi -->
      </class> <!-- carscript.AudiTest -->
    </test> <!-- Default test -->
  </suite> <!-- Default suite -->
</testng-results>
